#
# There is insufficient memory for the Java Runtime Environment to continue.
# Native memory allocation (malloc) failed to allocate 823376 bytes. Error detail: Chunk::new
# Possible reasons:
#   The system is out of physical RAM or swap space
#   This process is running with CompressedOops enabled, and the Java Heap may be blocking the growth of the native heap
# Possible solutions:
#   Reduce memory load on the system
#   Increase physical memory or swap space
#   Check if swap backing store is full
#   Decrease Java heap size (-Xmx/-Xms)
#   Decrease number of Java threads
#   Decrease Java thread stack sizes (-Xss)
#   Set larger code cache with -XX:ReservedCodeCacheSize=
#   JVM is running with Unscaled Compressed Oops mode in which the Java heap is
#     placed in the first 4GB address space. The Java Heap base address is the
#     maximum limit for the native heap growth. Please use -XX:HeapBaseMinAddress
#     to set the Java Heap base and to place the Java Heap above 4GB virtual address.
# This output file may be truncated or incomplete.
#
#  Out of Memory Error (arena.cpp:191), pid=14220, tid=7240
#
# JRE version: OpenJDK Runtime Environment Temurin-17.0.14+7 (17.0.14+7) (build 17.0.14+7)
# Java VM: OpenJDK 64-Bit Server VM Temurin-17.0.14+7 (17.0.14+7, mixed mode, sharing, tiered, compressed oops, compressed class ptrs, g1 gc, windows-amd64)
# No core dump will be written. Minidumps are not enabled by default on client versions of Windows
#

---------------  S U M M A R Y ------------

Command Line: -ea -Dfile.encoding=UTF-8 -Dstdout.encoding=UTF-8 -Dstderr.encoding=UTF-8 -XX:+ShowCodeDetailsInExceptionMessages org.testng.remote.RemoteTestNG -serport 62770 -protocol json -d E:\Selenium_Workspace\SeleniumCRMUIFramework\test-output C:\Users\hp\AppData\Local\Temp\testng-eclipse--1405231168\testng-customsuite.xml

Host: AMD Ryzen 5 3450U with Radeon Vega Mobile Gfx  , 8 cores, 5G,  Windows 11 , 64 bit Build 26100 (10.0.26100.3775)
Time: Thu Apr 10 15:15:35 2025 India Standard Time elapsed time: 12.683779 seconds (0d 0h 0m 12s)

---------------  T H R E A D  ---------------

Current thread (0x000001a66a7a8900):  JavaThread "C2 CompilerThread1" daemon [_thread_in_native, id=7240, stack(0x000000447a600000,0x000000447a700000)]


Current CompileTask:
C2:  12684 2667       4       java.net.URLStreamHandler::parseURL (1201 bytes)

Stack: [0x000000447a600000,0x000000447a700000]
Native frames: (J=compiled Java code, j=interpreted, Vv=VM code, C=native code)
V  [jvm.dll+0x682eb9]
V  [jvm.dll+0x8399c8]
V  [jvm.dll+0x83b473]
V  [jvm.dll+0x83bae3]
V  [jvm.dll+0x24715f]
V  [jvm.dll+0xace44]
V  [jvm.dll+0xad4dc]
V  [jvm.dll+0x365b0f]
V  [jvm.dll+0x1ba873]
V  [jvm.dll+0x2182a7]
V  [jvm.dll+0x21758f]
V  [jvm.dll+0x1a3150]
V  [jvm.dll+0x22799c]
V  [jvm.dll+0x225afb]
V  [jvm.dll+0x7ef128]
V  [jvm.dll+0x7e948c]
V  [jvm.dll+0x681d97]
C  [ucrtbase.dll+0x37b0]
C  [KERNEL32.DLL+0x2e8d7]
C  [ntdll.dll+0xb14fc]


---------------  P R O C E S S  ---------------

Threads class SMR info:
_java_thread_list=0x000001a66b000ed0, length=28, elements={
0x000001a648e42ae0, 0x000001a665f33800, 0x000001a665f34e40, 0x000001a665f4bcd0,
0x000001a665f4f220, 0x000001a665f4faf0, 0x000001a665f53ab0, 0x000001a665f62740,
0x000001a665f63bc0, 0x000001a665f65040, 0x000001a66a1e6db0, 0x000001a66a1e7ce0,
0x000001a66a1e77d0, 0x000001a66a1e6390, 0x000001a66a1e72c0, 0x000001a66a1e5e80,
0x000001a66a1e81f0, 0x000001a66a1e8700, 0x000001a66a1e68a0, 0x000001a66a1e9120,
0x000001a66add68e0, 0x000001a66add5ec0, 0x000001a66add63d0, 0x000001a66add59b0,
0x000001a66add4060, 0x000001a66add4570, 0x000001a66add54a0, 0x000001a66a7a8900
}

Java Threads: ( => current thread )
  0x000001a648e42ae0 JavaThread "main" [_thread_in_Java, id=12676, stack(0x0000004477b00000,0x0000004477c00000)]
  0x000001a665f33800 JavaThread "Reference Handler" daemon [_thread_blocked, id=15760, stack(0x0000004478200000,0x0000004478300000)]
  0x000001a665f34e40 JavaThread "Finalizer" daemon [_thread_blocked, id=16712, stack(0x0000004478300000,0x0000004478400000)]
  0x000001a665f4bcd0 JavaThread "Signal Dispatcher" daemon [_thread_blocked, id=10440, stack(0x0000004478400000,0x0000004478500000)]
  0x000001a665f4f220 JavaThread "Attach Listener" daemon [_thread_blocked, id=3160, stack(0x0000004478500000,0x0000004478600000)]
  0x000001a665f4faf0 JavaThread "Service Thread" daemon [_thread_blocked, id=16916, stack(0x0000004478600000,0x0000004478700000)]
  0x000001a665f53ab0 JavaThread "Monitor Deflation Thread" daemon [_thread_blocked, id=17992, stack(0x0000004478700000,0x0000004478800000)]
  0x000001a665f62740 JavaThread "C2 CompilerThread0" daemon [_thread_in_native, id=14668, stack(0x0000004478800000,0x0000004478900000)]
  0x000001a665f63bc0 JavaThread "C1 CompilerThread0" daemon [_thread_blocked, id=19408, stack(0x0000004478900000,0x0000004478a00000)]
  0x000001a665f65040 JavaThread "Sweeper thread" daemon [_thread_blocked, id=19432, stack(0x0000004478a00000,0x0000004478b00000)]
  0x000001a66a1e6db0 JavaThread "Notification Thread" daemon [_thread_blocked, id=14200, stack(0x0000004478b00000,0x0000004478c00000)]
  0x000001a66a1e7ce0 JavaThread "Common-Cleaner" daemon [_thread_blocked, id=14800, stack(0x0000004478d00000,0x0000004478e00000)]
  0x000001a66a1e77d0 JavaThread "ReaderThread" [_thread_in_native, id=13620, stack(0x0000004479100000,0x0000004479200000)]
  0x000001a66a1e6390 JavaThread "mysql-cj-abandoned-connection-cleanup" daemon [_thread_blocked, id=12680, stack(0x0000004479800000,0x0000004479900000)]
  0x000001a66a1e72c0 JavaThread "ForkJoinPool.commonPool-worker-1" daemon [_thread_blocked, id=15668, stack(0x0000004478e00000,0x0000004478f00000)]
  0x000001a66a1e5e80 JavaThread "HttpClient-1-SelectorManager" daemon [_thread_in_native, id=18820, stack(0x0000004479a00000,0x0000004479b00000)]
  0x000001a66a1e81f0 JavaThread "External Process Output Forwarder - C:\Users\hp\.cache\selenium\chromedriver\win64\135.0.7049.84\chromedriver.exe" daemon [_thread_in_native, id=2408, stack(0x0000004479b00000,0x0000004479c00000)]
  0x000001a66a1e8700 JavaThread "Driver Service Executor" daemon [_thread_blocked, id=17720, stack(0x0000004479c00000,0x0000004479d00000)]
  0x000001a66a1e68a0 JavaThread "Driver Service Executor" daemon [_thread_in_native, id=4020, stack(0x0000004479d00000,0x0000004479e00000)]
  0x000001a66a1e9120 JavaThread "UrlChecker-2" daemon [_thread_blocked, id=12996, stack(0x0000004479900000,0x0000004479a00000)]
  0x000001a66add68e0 JavaThread "JdkHttpClient-0-0" daemon [_thread_blocked, id=19372, stack(0x0000004478f00000,0x0000004479000000)]
  0x000001a66add5ec0 JavaThread "JdkHttpClient-0-1" daemon [_thread_blocked, id=19068, stack(0x000000447a000000,0x000000447a100000)]
  0x000001a66add63d0 JavaThread "JdkHttpClient-0-2" daemon [_thread_blocked, id=16484, stack(0x000000447a100000,0x000000447a200000)]
  0x000001a66add59b0 JavaThread "HttpClient-2-SelectorManager" daemon [_thread_in_native, id=11320, stack(0x000000447a200000,0x000000447a300000)]
  0x000001a66add4060 JavaThread "JdkHttpClient-1-0" daemon [_thread_blocked, id=9576, stack(0x000000447a300000,0x000000447a400000)]
  0x000001a66add4570 JavaThread "JdkHttpClient-1-1" daemon [_thread_blocked, id=11408, stack(0x000000447a400000,0x000000447a500000)]
  0x000001a66add54a0 JavaThread "JdkHttpClient-1-2" daemon [_thread_blocked, id=9988, stack(0x000000447a500000,0x000000447a600000)]
=>0x000001a66a7a8900 JavaThread "C2 CompilerThread1" daemon [_thread_in_native, id=7240, stack(0x000000447a600000,0x000000447a700000)]

Other Threads:
  0x000001a665f2c830 VMThread "VM Thread" [stack: 0x0000004478100000,0x0000004478200000] [id=7256]
  0x000001a66a1f2260 WatcherThread [stack: 0x0000004478c00000,0x0000004478d00000] [id=13988]
  0x000001a648e93270 GCTaskThread "GC Thread#0" [stack: 0x0000004477c00000,0x0000004477d00000] [id=14928]
  0x000001a66ada4ce0 GCTaskThread "GC Thread#1" [stack: 0x0000004479200000,0x0000004479300000] [id=8988]
  0x000001a66ada4fa0 GCTaskThread "GC Thread#2" [stack: 0x0000004479300000,0x0000004479400000] [id=19024]
  0x000001a66ad28450 GCTaskThread "GC Thread#3" [stack: 0x0000004479400000,0x0000004479500000] [id=10672]
  0x000001a66af4d390 GCTaskThread "GC Thread#4" [stack: 0x0000004479500000,0x0000004479600000] [id=18016]
  0x000001a66af53ab0 GCTaskThread "GC Thread#5" [stack: 0x0000004479600000,0x0000004479700000] [id=4780]
  0x000001a66ad29d40 GCTaskThread "GC Thread#6" [stack: 0x0000004479700000,0x0000004479800000] [id=18288]
  0x000001a66bac30b0 GCTaskThread "GC Thread#7" [stack: 0x0000004479f00000,0x000000447a000000] [id=4676]
  0x000001a648ea2390 ConcurrentGCThread "G1 Main Marker" [stack: 0x0000004477d00000,0x0000004477e00000] [id=1376]
  0x000001a648ea2cc0 ConcurrentGCThread "G1 Conc#0" [stack: 0x0000004477e00000,0x0000004477f00000] [id=18236]
  0x000001a66a4ecf80 ConcurrentGCThread "G1 Conc#1" [stack: 0x0000004479e00000,0x0000004479f00000] [id=324]
  0x000001a648ee4910 ConcurrentGCThread "G1 Refine#0" [stack: 0x0000004477f00000,0x0000004478000000] [id=19152]
  0x000001a665df24b0 ConcurrentGCThread "G1 Service" [stack: 0x0000004478000000,0x0000004478100000] [id=3944]

Threads with active compile tasks:
C2 CompilerThread0    12744 2752   !   4       java.util.WeakHashMap::expungeStaleEntries (139 bytes)
C2 CompilerThread1    12744 2667       4       java.net.URLStreamHandler::parseURL (1201 bytes)

VM state: not at safepoint (normal execution)

VM Mutex/Monitor currently owned by a thread: None

Heap address: 0x00000000a0e00000, size: 1522 MB, Compressed Oops mode: 32-bit

CDS archive(s) mapped at: [0x000001a600000000-0x000001a600bb0000-0x000001a600bb0000), size 12255232, SharedBaseAddress: 0x000001a600000000, ArchiveRelocationMode: 1.
Compressed class space mapped at: 0x000001a601000000-0x000001a641000000, reserved size: 1073741824
Narrow klass base: 0x000001a600000000, Narrow klass shift: 0, Narrow klass range: 0x100000000

GC Precious Log:
 CPUs: 8 total, 8 available
 Memory: 6086M
 Large Page Support: Disabled
 NUMA Support: Disabled
 Compressed Oops: Enabled (32-bit)
 Heap Region Size: 1M
 Heap Min Capacity: 8M
 Heap Initial Capacity: 96M
 Heap Max Capacity: 1522M
 Pre-touch: Disabled
 Parallel Workers: 8
 Concurrent Workers: 2
 Concurrent Refinement Workers: 8
 Periodic GC: Disabled

Heap:
 garbage-first heap   total 48128K, used 25401K [0x00000000a0e00000, 0x0000000100000000)
  region size 1024K, 16 young (16384K), 2 survivors (2048K)
 Metaspace       used 24875K, committed 25216K, reserved 1114112K
  class space    used 3024K, committed 3200K, reserved 1048576K

Heap Regions: E=young(eden), S=young(survivor), O=old, HS=humongous(starts), HC=humongous(continues), CS=collection set, F=free, OA=open archive, CA=closed archive, TAMS=top-at-mark-start (previous, next)
|   0|0x00000000a0e00000, 0x00000000a0f00000, 0x00000000a0f00000|100%| O|  |TAMS 0x00000000a0f00000, 0x00000000a0e00000| Untracked 
|   1|0x00000000a0f00000, 0x00000000a1000000, 0x00000000a1000000|100%| O|  |TAMS 0x00000000a1000000, 0x00000000a0f00000| Untracked 
|   2|0x00000000a1000000, 0x00000000a1100000, 0x00000000a1100000|100%| O|  |TAMS 0x00000000a1100000, 0x00000000a1000000| Untracked 
|   3|0x00000000a1100000, 0x00000000a1200000, 0x00000000a1200000|100%| O|  |TAMS 0x00000000a1200000, 0x00000000a1100000| Untracked 
|   4|0x00000000a1200000, 0x00000000a1300000, 0x00000000a1300000|100%| O|  |TAMS 0x00000000a1300000, 0x00000000a1200000| Untracked 
|   5|0x00000000a1300000, 0x00000000a1400000, 0x00000000a1400000|100%| O|  |TAMS 0x00000000a1400000, 0x00000000a1300000| Untracked 
|   6|0x00000000a1400000, 0x00000000a1500000, 0x00000000a1500000|100%| O|  |TAMS 0x00000000a1412e00, 0x00000000a1400000| Untracked 
|   7|0x00000000a1500000, 0x00000000a1600000, 0x00000000a1600000|100%| O|  |TAMS 0x00000000a1500000, 0x00000000a1500000| Untracked 
|   8|0x00000000a1600000, 0x00000000a1700000, 0x00000000a1700000|100%| O|  |TAMS 0x00000000a1600000, 0x00000000a1600000| Untracked 
|   9|0x00000000a1700000, 0x00000000a1800000, 0x00000000a1800000|100%| O|  |TAMS 0x00000000a1700000, 0x00000000a1700000| Untracked 
|  10|0x00000000a1800000, 0x00000000a1826c00, 0x00000000a1900000| 15%| O|  |TAMS 0x00000000a1800000, 0x00000000a1800000| Untracked 
|  11|0x00000000a1900000, 0x00000000a1900000, 0x00000000a1a00000|  0%| F|  |TAMS 0x00000000a1900000, 0x00000000a1900000| Untracked 
|  12|0x00000000a1a00000, 0x00000000a1a00000, 0x00000000a1b00000|  0%| F|  |TAMS 0x00000000a1a00000, 0x00000000a1a00000| Untracked 
|  13|0x00000000a1b00000, 0x00000000a1b00000, 0x00000000a1c00000|  0%| F|  |TAMS 0x00000000a1b00000, 0x00000000a1b00000| Untracked 
|  14|0x00000000a1c00000, 0x00000000a1c00000, 0x00000000a1d00000|  0%| F|  |TAMS 0x00000000a1c00000, 0x00000000a1c00000| Untracked 
|  15|0x00000000a1d00000, 0x00000000a1d00000, 0x00000000a1e00000|  0%| F|  |TAMS 0x00000000a1d00000, 0x00000000a1d00000| Untracked 
|  16|0x00000000a1e00000, 0x00000000a1e00000, 0x00000000a1f00000|  0%| F|  |TAMS 0x00000000a1e00000, 0x00000000a1e00000| Untracked 
|  17|0x00000000a1f00000, 0x00000000a1f00000, 0x00000000a2000000|  0%| F|  |TAMS 0x00000000a1f00000, 0x00000000a1f00000| Untracked 
|  18|0x00000000a2000000, 0x00000000a2000000, 0x00000000a2100000|  0%| F|  |TAMS 0x00000000a2000000, 0x00000000a2000000| Untracked 
|  19|0x00000000a2100000, 0x00000000a2100000, 0x00000000a2200000|  0%| F|  |TAMS 0x00000000a2100000, 0x00000000a2100000| Untracked 
|  20|0x00000000a2200000, 0x00000000a2200000, 0x00000000a2300000|  0%| F|  |TAMS 0x00000000a2200000, 0x00000000a2200000| Untracked 
|  21|0x00000000a2300000, 0x00000000a2300000, 0x00000000a2400000|  0%| F|  |TAMS 0x00000000a2300000, 0x00000000a2300000| Untracked 
|  22|0x00000000a2400000, 0x00000000a2400000, 0x00000000a2500000|  0%| F|  |TAMS 0x00000000a2400000, 0x00000000a2400000| Untracked 
|  23|0x00000000a2500000, 0x00000000a2500000, 0x00000000a2600000|  0%| F|  |TAMS 0x00000000a2500000, 0x00000000a2500000| Untracked 
|  24|0x00000000a2600000, 0x00000000a2600000, 0x00000000a2700000|  0%| F|  |TAMS 0x00000000a2600000, 0x00000000a2600000| Untracked 
|  25|0x00000000a2700000, 0x00000000a2700000, 0x00000000a2800000|  0%| F|  |TAMS 0x00000000a2700000, 0x00000000a2700000| Untracked 
|  26|0x00000000a2800000, 0x00000000a2800000, 0x00000000a2900000|  0%| F|  |TAMS 0x00000000a2800000, 0x00000000a2800000| Untracked 
|  27|0x00000000a2900000, 0x00000000a2900000, 0x00000000a2a00000|  0%| F|  |TAMS 0x00000000a2900000, 0x00000000a2900000| Untracked 
|  28|0x00000000a2a00000, 0x00000000a2a00000, 0x00000000a2b00000|  0%| F|  |TAMS 0x00000000a2a00000, 0x00000000a2a00000| Untracked 
|  29|0x00000000a2b00000, 0x00000000a2b00000, 0x00000000a2c00000|  0%| F|  |TAMS 0x00000000a2b00000, 0x00000000a2b00000| Untracked 
|  30|0x00000000a2c00000, 0x00000000a2c00000, 0x00000000a2d00000|  0%| F|  |TAMS 0x00000000a2c00000, 0x00000000a2c00000| Untracked 
|  31|0x00000000a2d00000, 0x00000000a2d80000, 0x00000000a2e00000| 50%| E|  |TAMS 0x00000000a2d00000, 0x00000000a2d00000| Complete 
|  32|0x00000000a2e00000, 0x00000000a2f00000, 0x00000000a2f00000|100%| E|CS|TAMS 0x00000000a2e00000, 0x00000000a2e00000| Complete 
|  33|0x00000000a2f00000, 0x00000000a3000000, 0x00000000a3000000|100%| E|CS|TAMS 0x00000000a2f00000, 0x00000000a2f00000| Complete 
|  34|0x00000000a3000000, 0x00000000a3100000, 0x00000000a3100000|100%| E|CS|TAMS 0x00000000a3000000, 0x00000000a3000000| Complete 
|  35|0x00000000a3100000, 0x00000000a3200000, 0x00000000a3200000|100%| E|CS|TAMS 0x00000000a3100000, 0x00000000a3100000| Complete 
|  36|0x00000000a3200000, 0x00000000a3300000, 0x00000000a3300000|100%| E|CS|TAMS 0x00000000a3200000, 0x00000000a3200000| Complete 
|  37|0x00000000a3300000, 0x00000000a3400000, 0x00000000a3400000|100%| E|CS|TAMS 0x00000000a3300000, 0x00000000a3300000| Complete 
|  38|0x00000000a3400000, 0x00000000a3500000, 0x00000000a3500000|100%| E|CS|TAMS 0x00000000a3400000, 0x00000000a3400000| Complete 
|  39|0x00000000a3500000, 0x00000000a3600000, 0x00000000a3600000|100%| E|CS|TAMS 0x00000000a3500000, 0x00000000a3500000| Complete 
|  40|0x00000000a3600000, 0x00000000a3700000, 0x00000000a3700000|100%| E|CS|TAMS 0x00000000a3600000, 0x00000000a3600000| Complete 
|  41|0x00000000a3700000, 0x00000000a3800000, 0x00000000a3800000|100%| E|CS|TAMS 0x00000000a3700000, 0x00000000a3700000| Complete 
|  42|0x00000000a3800000, 0x00000000a3900000, 0x00000000a3900000|100%| E|CS|TAMS 0x00000000a3800000, 0x00000000a3800000| Complete 
|  43|0x00000000a3900000, 0x00000000a3a00000, 0x00000000a3a00000|100%| E|CS|TAMS 0x00000000a3900000, 0x00000000a3900000| Complete 
|  83|0x00000000a6100000, 0x00000000a61a7940, 0x00000000a6200000| 65%| S|CS|TAMS 0x00000000a6100000, 0x00000000a6100000| Complete 
|  84|0x00000000a6200000, 0x00000000a6300000, 0x00000000a6300000|100%| S|CS|TAMS 0x00000000a6200000, 0x00000000a6200000| Complete 
|  95|0x00000000a6d00000, 0x00000000a6e00000, 0x00000000a6e00000|100%| E|CS|TAMS 0x00000000a6d00000, 0x00000000a6d00000| Complete 

Card table byte_map: [0x000001a65ffa0000,0x000001a6602a0000] _byte_map_base: 0x000001a65fa99000

Marking Bits (Prev, Next): (CMBitMap*) 0x000001a648e947f0, (CMBitMap*) 0x000001a648e947b0
 Prev Bits: [0x000001a661d70000, 0x000001a663538000)
 Next Bits: [0x000001a6605a0000, 0x000001a661d68000)

Polling page: 0x000001a648560000

Metaspace:

Usage:
  Non-class:     21.35 MB used.
      Class:      2.96 MB used.
       Both:     24.31 MB used.

Virtual space:
  Non-class space:       64.00 MB reserved,      21.50 MB ( 34%) committed,  1 nodes.
      Class space:        1.00 GB reserved,       3.12 MB ( <1%) committed,  1 nodes.
             Both:        1.06 GB reserved,      24.62 MB (  2%) committed. 

Chunk freelists:
   Non-Class:  9.58 MB
       Class:  12.84 MB
        Both:  22.42 MB

MaxMetaspaceSize: unlimited
CompressedClassSpaceSize: 1.00 GB
Initial GC threshold: 21.00 MB
Current GC threshold: 35.31 MB
CDS: on
MetaspaceReclaimPolicy: balanced
 - commit_granule_bytes: 65536.
 - commit_granule_words: 8192.
 - virtual_space_node_default_size: 8388608.
 - enlarge_chunks_in_place: 1.
 - new_chunks_are_fully_committed: 0.
 - uncommit_free_chunks: 1.
 - use_allocation_guard: 0.
 - handle_deallocations: 1.


Internal statistics:

num_allocs_failed_limit: 3.
num_arena_births: 410.
num_arena_deaths: 0.
num_vsnodes_births: 2.
num_vsnodes_deaths: 0.
num_space_committed: 394.
num_space_uncommitted: 0.
num_chunks_returned_to_freelist: 3.
num_chunks_taken_from_freelist: 1113.
num_chunk_merges: 3.
num_chunk_splits: 706.
num_chunks_enlarged: 464.
num_inconsistent_stats: 0.

CodeHeap 'non-profiled nmethods': size=120000Kb used=1197Kb max_used=1197Kb free=118802Kb
 bounds [0x000001a658440000, 0x000001a6586b0000, 0x000001a65f970000]
CodeHeap 'profiled nmethods': size=120000Kb used=5307Kb max_used=5307Kb free=114692Kb
 bounds [0x000001a650970000, 0x000001a650ea0000, 0x000001a657ea0000]
CodeHeap 'non-nmethods': size=5760Kb used=1299Kb max_used=1309Kb free=4460Kb
 bounds [0x000001a657ea0000, 0x000001a658110000, 0x000001a658440000]
 total_blobs=3347 nmethods=2752 adapters=505
 compilation: enabled
              stopped_count=0, restarted_count=0
 full_count=0

Compilation events (20 events):
Event: 12.462 Thread 0x000001a665f63bc0 nmethod 2732 0x000001a650e92210 code [0x000001a650e923a0, 0x000001a650e924b8]
Event: 12.501 Thread 0x000001a665f62740 2733       4       java.lang.StringLatin1::regionMatchesCI (98 bytes)
Event: 12.503 Thread 0x000001a665f63bc0 2734       3       java.util.regex.Pattern::newCharProperty (39 bytes)
Event: 12.504 Thread 0x000001a665f63bc0 nmethod 2734 0x000001a650e92590 code [0x000001a650e927a0, 0x000001a650e93098]
Event: 12.505 Thread 0x000001a665f63bc0 2736   !   3       java.util.regex.Pattern::RemoveQEQuoting (370 bytes)
Event: 12.509 Thread 0x000001a665f63bc0 nmethod 2736 0x000001a650e93290 code [0x000001a650e93560, 0x000001a650e946c8]
Event: 12.510 Thread 0x000001a665f63bc0 2737       3       java.text.Format::<init> (5 bytes)
Event: 12.510 Thread 0x000001a665f63bc0 nmethod 2737 0x000001a650e94d90 code [0x000001a650e94f20, 0x000001a650e95078]
Event: 12.528 Thread 0x000001a665f62740 nmethod 2733 0x000001a658567610 code [0x000001a6585677c0, 0x000001a658567e18]
Event: 12.529 Thread 0x000001a665f62740 2735       4       java.lang.String::checkIndex (48 bytes)
Event: 12.532 Thread 0x000001a665f62740 nmethod 2735 0x000001a658568210 code [0x000001a658568380, 0x000001a658568418]
Event: 12.545 Thread 0x000001a665f63bc0 2739       3       java.util.List::of (9 bytes)
Event: 12.546 Thread 0x000001a665f63bc0 nmethod 2739 0x000001a650e95110 code [0x000001a650e95300, 0x000001a650e95848]
Event: 12.550 Thread 0x000001a665f62740 2740   !   4       java.util.zip.Inflater::inflate (418 bytes)
Event: 12.567 Thread 0x000001a665f62740 nmethod 2740 0x000001a658568810 code [0x000001a6585689e0, 0x000001a6585690c8]
Event: 12.580 Thread 0x000001a665f63bc0 2741       3       java.util.regex.Pattern::compile (500 bytes)
Event: 12.585 Thread 0x000001a665f63bc0 nmethod 2741 0x000001a650e95a10 code [0x000001a650e95ec0, 0x000001a650e98c08]
Event: 12.585 Thread 0x000001a665f63bc0 2742       3       java.util.regex.Pattern::qtype (39 bytes)
Event: 12.586 Thread 0x000001a665f63bc0 nmethod 2742 0x000001a650e99690 code [0x000001a650e99860, 0x000001a650e99ae8]
Event: 12.609 Thread 0x000001a665f62740 2743       4       java.net.URLStreamHandler::setURL (73 bytes)

GC Heap History (6 events):
Event: 1.584 GC heap before
{Heap before GC invocations=0 (full 0):
 garbage-first heap   total 98304K, used 22528K [0x00000000a0e00000, 0x0000000100000000)
  region size 1024K, 23 young (23552K), 0 survivors (0K)
 Metaspace       used 7436K, committed 7680K, reserved 1114112K
  class space    used 868K, committed 1024K, reserved 1048576K
}
Event: 1.593 GC heap after
{Heap after GC invocations=1 (full 0):
 garbage-first heap   total 98304K, used 6336K [0x00000000a0e00000, 0x0000000100000000)
  region size 1024K, 3 young (3072K), 3 survivors (3072K)
 Metaspace       used 7436K, committed 7680K, reserved 1114112K
  class space    used 868K, committed 1024K, reserved 1048576K
}
Event: 3.981 GC heap before
{Heap before GC invocations=1 (full 0):
 garbage-first heap   total 98304K, used 36032K [0x00000000a0e00000, 0x0000000100000000)
  region size 1024K, 32 young (32768K), 3 survivors (3072K)
 Metaspace       used 18790K, committed 19072K, reserved 1114112K
  class space    used 2270K, committed 2368K, reserved 1048576K
}
Event: 3.994 GC heap after
{Heap after GC invocations=2 (full 0):
 garbage-first heap   total 98304K, used 10315K [0x00000000a0e00000, 0x0000000100000000)
  region size 1024K, 4 young (4096K), 4 survivors (4096K)
 Metaspace       used 18790K, committed 19072K, reserved 1114112K
  class space    used 2270K, committed 2368K, reserved 1048576K
}
Event: 11.696 GC heap before
{Heap before GC invocations=2 (full 0):
 garbage-first heap   total 98304K, used 20555K [0x00000000a0e00000, 0x0000000100000000)
  region size 1024K, 15 young (15360K), 4 survivors (4096K)
 Metaspace       used 21224K, committed 21504K, reserved 1114112K
  class space    used 2614K, committed 2752K, reserved 1048576K
}
Event: 11.707 GC heap after
{Heap after GC invocations=3 (full 0):
 garbage-first heap   total 98304K, used 12089K [0x00000000a0e00000, 0x0000000100000000)
  region size 1024K, 2 young (2048K), 2 survivors (2048K)
 Metaspace       used 21224K, committed 21504K, reserved 1114112K
  class space    used 2614K, committed 2752K, reserved 1048576K
}

Dll operation events (9 events):
Event: 0.016 Loaded shared library C:\Program Files\Eclipse Adoptium\jdk-17.0.14.7-hotspot\bin\java.dll
Event: 0.043 Loaded shared library C:\Program Files\Eclipse Adoptium\jdk-17.0.14.7-hotspot\bin\jsvml.dll
Event: 0.166 Loaded shared library C:\Program Files\Eclipse Adoptium\jdk-17.0.14.7-hotspot\bin\net.dll
Event: 0.169 Loaded shared library C:\Program Files\Eclipse Adoptium\jdk-17.0.14.7-hotspot\bin\nio.dll
Event: 0.176 Loaded shared library C:\Program Files\Eclipse Adoptium\jdk-17.0.14.7-hotspot\bin\zip.dll
Event: 0.437 Loaded shared library C:\Program Files\Eclipse Adoptium\jdk-17.0.14.7-hotspot\bin\jimage.dll
Event: 0.508 Loaded shared library C:\Program Files\Eclipse Adoptium\jdk-17.0.14.7-hotspot\bin\verify.dll
Event: 0.740 Loaded shared library C:\Program Files\Eclipse Adoptium\jdk-17.0.14.7-hotspot\bin\extnet.dll
Event: 2.191 Loaded shared library C:\Program Files\Eclipse Adoptium\jdk-17.0.14.7-hotspot\bin\sunmscapi.dll

Deoptimization events (20 events):
Event: 12.374 Thread 0x000001a648e42ae0 Uncommon trap: trap_request=0xffffff45 fr.pc=0x000001a65854a2e0 relative=0x00000000000000c0
Event: 12.374 Thread 0x000001a648e42ae0 Uncommon trap: reason=unstable_if action=reinterpret pc=0x000001a65854a2e0 method=java.lang.CharacterDataLatin1.digit(II)I @ 7 c2
Event: 12.374 Thread 0x000001a648e42ae0 DEOPT PACKING pc=0x000001a65854a2e0 sp=0x0000004477bfd480
Event: 12.374 Thread 0x000001a648e42ae0 DEOPT UNPACKING pc=0x000001a657ef69a3 sp=0x0000004477bfd340 mode 2
Event: 12.374 Thread 0x000001a648e42ae0 Uncommon trap: trap_request=0xffffff45 fr.pc=0x000001a6584e2bb4 relative=0x0000000000000094
Event: 12.374 Thread 0x000001a648e42ae0 Uncommon trap: reason=unstable_if action=reinterpret pc=0x000001a6584e2bb4 method=java.lang.CharacterDataLatin1.digit(II)I @ 7 c2
Event: 12.374 Thread 0x000001a648e42ae0 DEOPT PACKING pc=0x000001a6584e2bb4 sp=0x0000004477bfd3d0
Event: 12.374 Thread 0x000001a648e42ae0 DEOPT UNPACKING pc=0x000001a657ef69a3 sp=0x0000004477bfd350 mode 2
Event: 12.375 Thread 0x000001a648e42ae0 Uncommon trap: trap_request=0xffffff45 fr.pc=0x000001a658445bb8 relative=0x0000000000000038
Event: 12.375 Thread 0x000001a648e42ae0 Uncommon trap: reason=unstable_if action=reinterpret pc=0x000001a658445bb8 method=java.lang.StringLatin1.canEncode(I)Z @ 4 c2
Event: 12.375 Thread 0x000001a648e42ae0 DEOPT PACKING pc=0x000001a658445bb8 sp=0x0000004477bfd5f0
Event: 12.375 Thread 0x000001a648e42ae0 DEOPT UNPACKING pc=0x000001a657ef69a3 sp=0x0000004477bfd580 mode 2
Event: 12.460 Thread 0x000001a648e42ae0 Uncommon trap: trap_request=0xffffff6e fr.pc=0x000001a6584e3050 relative=0x00000000000001b0
Event: 12.460 Thread 0x000001a648e42ae0 Uncommon trap: reason=loop_limit_check action=maybe_recompile pc=0x000001a6584e3050 method=java.lang.StringLatin1.lastIndexOf([BII)I @ 19 c2
Event: 12.460 Thread 0x000001a648e42ae0 DEOPT PACKING pc=0x000001a6584e3050 sp=0x0000004477bfd6a0
Event: 12.461 Thread 0x000001a648e42ae0 DEOPT UNPACKING pc=0x000001a657ef69a3 sp=0x0000004477bfd558 mode 2
Event: 12.461 Thread 0x000001a648e42ae0 Uncommon trap: trap_request=0xffffff6e fr.pc=0x000001a658566350 relative=0x0000000000000390
Event: 12.461 Thread 0x000001a648e42ae0 Uncommon trap: reason=loop_limit_check action=maybe_recompile pc=0x000001a658566350 method=java.util.regex.Pattern$Start.match(Ljava/util/regex/Matcher;ILjava/lang/CharSequence;)Z @ 34 c2
Event: 12.461 Thread 0x000001a648e42ae0 DEOPT PACKING pc=0x000001a658566350 sp=0x0000004477bfd5e0
Event: 12.461 Thread 0x000001a648e42ae0 DEOPT UNPACKING pc=0x000001a657ef69a3 sp=0x0000004477bfd500 mode 2

Classes loaded (20 events):
Event: 12.359 Loading class com/sun/org/apache/xerces/internal/dom/CharacterDataImpl
Event: 12.359 Loading class com/sun/org/apache/xerces/internal/dom/CharacterDataImpl done
Event: 12.359 Loading class com/sun/org/apache/xerces/internal/dom/TextImpl done
Event: 12.359 Loading class com/sun/org/apache/xerces/internal/dom/DeferredTextImpl done
Event: 12.360 Loading class com/sun/org/apache/xerces/internal/dom/CharacterDataImpl$1
Event: 12.360 Loading class com/sun/org/apache/xerces/internal/dom/CharacterDataImpl$1 done
Event: 12.373 Loading class java/text/ParsePosition
Event: 12.373 Loading class java/text/ParsePosition done
Event: 12.374 Loading class java/text/CalendarBuilder
Event: 12.374 Loading class java/text/CalendarBuilder done
Event: 12.506 Loading class java/beans/PropertyChangeSupport
Event: 12.506 Loading class java/beans/PropertyChangeSupport done
Event: 12.507 Loading class java/beans/PropertyChangeSupport$PropertyChangeListenerMap
Event: 12.508 Loading class java/beans/ChangeListenerMap
Event: 12.508 Loading class java/beans/ChangeListenerMap done
Event: 12.508 Loading class java/beans/PropertyChangeSupport$PropertyChangeListenerMap done
Event: 12.508 Loading class java/beans/PropertyChangeListener
Event: 12.508 Loading class java/util/EventListener
Event: 12.509 Loading class java/util/EventListener done
Event: 12.509 Loading class java/beans/PropertyChangeListener done

Classes unloaded (0 events):
No events

Classes redefined (0 events):
No events

Internal exceptions (20 events):
Event: 3.994 Thread 0x000001a66add68e0 Implicit null exception at 0x000001a658516279 to 0x000001a65851bf44
Event: 4.020 Thread 0x000001a66add68e0 Exception <a 'java/lang/NoSuchMethodError'{0x00000000a6c39c28}: 'java.lang.Object java.lang.invoke.DirectMethodHandle$Holder.invokeSpecial(java.lang.Object, java.lang.Object, java.lang.Object, java.lang.Object, int)'> (0x00000000a6c39c28) 
thrown [s\src\hotspot\share\interpreter\linkResolver.cpp, line 759]
Event: 4.021 Thread 0x000001a66add68e0 Exception <a 'java/lang/NoSuchMethodError'{0x00000000a6c3d7f0}: 'java.lang.Object java.lang.invoke.Invokers$Holder.linkToTargetMethod(java.lang.Object, java.lang.Object, int, java.lang.Object)'> (0x00000000a6c3d7f0) 
thrown [s\src\hotspot\share\interpreter\linkResolver.cpp, line 759]
Event: 4.064 Thread 0x000001a66add68e0 Exception <a 'java/lang/NoSuchMethodError'{0x00000000a6c91d20}: 'void java.lang.invoke.DirectMethodHandle$Holder.invokeSpecial(java.lang.Object, java.lang.Object, java.lang.Object, java.lang.Object, java.lang.Object)'> (0x00000000a6c91d20) 
thrown [s\src\hotspot\share\interpreter\linkResolver.cpp, line 759]
Event: 4.091 Thread 0x000001a66add68e0 Exception <a 'java/lang/NoSuchMethodError'{0x00000000a6cdd8a0}: 'int java.lang.invoke.DirectMethodHandle$Holder.invokeSpecialIFC(java.lang.Object, java.lang.Object, java.lang.Object, java.lang.Object, java.lang.Object)'> (0x00000000a6cdd8a0) 
thrown [s\src\hotspot\share\interpreter\linkResolver.cpp, line 759]
Event: 5.008 Thread 0x000001a66add68e0 Exception <a 'java/lang/NoSuchMethodError'{0x00000000a6b9a3c8}: 'java.lang.Object java.lang.invoke.DirectMethodHandle$Holder.newInvokeSpecial(java.lang.Object, java.lang.Object, long, java.lang.Object, java.lang.Object, java.lang.Object)'> (0x00000000a6b9a3c8) 
thrown [s\src\hotspot\share\interpreter\linkResolver.cpp, line 759]
Event: 5.021 Thread 0x000001a66add68e0 Exception <a 'java/lang/NoSuchMethodError'{0x00000000a6bb8820}: 'void java.lang.invoke.DirectMethodHandle$Holder.invokeSpecial(java.lang.Object, java.lang.Object, java.lang.Object, java.lang.Object, java.lang.Object, java.lang.Object, java.lang.Object)'> (0x00000000a6bb8820) 
thrown [s\src\hotspot\share\interpreter\linkResolver.cpp, line 759]
Event: 5.067 Thread 0x000001a648e42ae0 Exception <a 'java/lang/NoSuchMethodError'{0x00000000a6d66300}: 'java.lang.Object java.lang.invoke.DirectMethodHandle$Holder.invokeSpecialIFC(java.lang.Object, java.lang.Object, java.lang.Object)'> (0x00000000a6d66300) 
thrown [s\src\hotspot\share\interpreter\linkResolver.cpp, line 759]
Event: 5.391 Thread 0x000001a648e42ae0 Exception <a 'java/lang/ClassNotFoundException'{0x00000000a67ecb50}: sun/util/logging/resources/spi/loggingProvider> (0x00000000a67ecb50) 
thrown [s\src\hotspot\share\classfile\systemDictionary.cpp, line 256]
Event: 11.771 Thread 0x000001a648e42ae0 Implicit null exception at 0x000001a658523aeb to 0x000001a658523f74
Event: 11.776 Thread 0x000001a648e42ae0 Exception <a 'java/lang/NoSuchMethodError'{0x00000000a6de3b50}: 'void java.lang.invoke.DelegatingMethodHandle$Holder.delegate(java.lang.Object, java.lang.Object, int, java.lang.Object)'> (0x00000000a6de3b50) 
thrown [s\src\hotspot\share\interpreter\linkResolver.cpp, line 759]
Event: 11.782 Thread 0x000001a648e42ae0 Exception <a 'java/lang/NoSuchMethodError'{0x00000000a6dfdf78}: 'java.lang.Object java.lang.invoke.Invokers$Holder.invokeExact_MT(java.lang.Object, java.lang.Object, java.lang.Object, java.lang.Object)'> (0x00000000a6dfdf78) 
thrown [s\src\hotspot\share\interpreter\linkResolver.cpp, line 759]
Event: 11.783 Thread 0x000001a648e42ae0 Exception <a 'java/lang/NoSuchMethodError'{0x00000000a3901f68}: 'java.lang.Object java.lang.invoke.Invokers$Holder.invokeExact_MT(java.lang.Object, java.lang.Object, java.lang.Object)'> (0x00000000a3901f68) 
thrown [s\src\hotspot\share\interpreter\linkResolver.cpp, line 759]
Event: 11.795 Thread 0x000001a648e42ae0 Exception <a 'java/lang/IncompatibleClassChangeError'{0x00000000a392bbf8}: Found class java.lang.Object, but interface was expected> (0x00000000a392bbf8) 
thrown [s\src\hotspot\share\interpreter\linkResolver.cpp, line 826]
Event: 12.264 Thread 0x000001a648e42ae0 Exception <a 'java/lang/NoSuchMethodError'{0x00000000a3497a00}: 'void java.lang.invoke.DirectMethodHandle$Holder.invokeVirtual(java.lang.Object, java.lang.Object, java.lang.Object, java.lang.Object)'> (0x00000000a3497a00) 
thrown [s\src\hotspot\share\interpreter\linkResolver.cpp, line 759]
Event: 12.278 Thread 0x000001a648e42ae0 Exception <a 'java/lang/NoSuchMethodError'{0x00000000a34c9928}: 'void java.lang.invoke.DirectMethodHandle$Holder.invokeStatic(java.lang.Object, java.lang.Object, java.lang.Object, int)'> (0x00000000a34c9928) 
thrown [s\src\hotspot\share\interpreter\linkResolver.cpp, line 759]
Event: 12.279 Thread 0x000001a648e42ae0 Exception <a 'java/lang/NoSuchMethodError'{0x00000000a34cd090}: 'void java.lang.invoke.DirectMethodHandle$Holder.invokeStaticInit(java.lang.Object, java.lang.Object, java.lang.Object, int)'> (0x00000000a34cd090) 
thrown [s\src\hotspot\share\interpreter\linkResolver.cpp, line 759]
Event: 12.543 Thread 0x000001a648e42ae0 Exception <a 'java/lang/NoSuchMethodError'{0x00000000a30374e8}: 'java.lang.Object java.lang.invoke.DirectMethodHandle$Holder.invokeStaticInit(java.lang.Object, java.lang.Object, java.lang.Object)'> (0x00000000a30374e8) 
thrown [s\src\hotspot\share\interpreter\linkResolver.cpp, line 759]
Event: 12.545 Thread 0x000001a648e42ae0 Exception <a 'java/lang/NoSuchMethodError'{0x00000000a303d7e0}: 'java.lang.Object java.lang.invoke.DirectMethodHandle$Holder.invokeStatic(java.lang.Object, java.lang.Object, int, int)'> (0x00000000a303d7e0) 
thrown [s\src\hotspot\share\interpreter\linkResolver.cpp, line 759]
Event: 12.546 Thread 0x000001a648e42ae0 Exception <a 'java/lang/NoSuchMethodError'{0x00000000a3041128}: 'java.lang.Object java.lang.invoke.DirectMethodHandle$Holder.invokeStaticInit(java.lang.Object, java.lang.Object, int, int)'> (0x00000000a3041128) 
thrown [s\src\hotspot\share\interpreter\linkResolver.cpp, line 759]

VM Operations (20 events):
Event: 4.985 Executing VM operation: HandshakeAllThreads
Event: 4.985 Executing VM operation: HandshakeAllThreads done
Event: 5.387 Executing VM operation: HandshakeAllThreads
Event: 5.387 Executing VM operation: HandshakeAllThreads done
Event: 5.387 Executing VM operation: Cleanup
Event: 5.387 Executing VM operation: Cleanup done
Event: 6.390 Executing VM operation: Cleanup
Event: 6.390 Executing VM operation: Cleanup done
Event: 7.390 Executing VM operation: Cleanup
Event: 7.390 Executing VM operation: Cleanup done
Event: 9.415 Executing VM operation: Cleanup
Event: 9.416 Executing VM operation: Cleanup done
Event: 11.696 Executing VM operation: CollectForMetadataAllocation
Event: 11.708 Executing VM operation: CollectForMetadataAllocation done
Event: 11.718 Executing VM operation: G1PauseRemark
Event: 11.722 Executing VM operation: G1PauseRemark done
Event: 11.726 Executing VM operation: G1PauseCleanup
Event: 11.740 Executing VM operation: G1PauseCleanup done
Event: 11.774 Executing VM operation: HandshakeAllThreads
Event: 11.774 Executing VM operation: HandshakeAllThreads done

Memory protections (0 events):
No events

Nmethod flushes (0 events):
No events

Events (20 events):
Event: 3.521 Thread 0x000001a665f63bc0 Thread added: 0x000001a66b38cfa0
Event: 3.590 Thread 0x000001a648e42ae0 Thread added: 0x000001a66a1e5e80
Event: 3.789 Thread 0x000001a648e42ae0 Thread added: 0x000001a66a1e81f0
Event: 3.791 Thread 0x000001a648e42ae0 Thread added: 0x000001a66a1e8700
Event: 3.792 Thread 0x000001a648e42ae0 Thread added: 0x000001a66a1e68a0
Event: 3.795 Thread 0x000001a66b38cfa0 Thread exited: 0x000001a66b38cfa0
Event: 3.798 Thread 0x000001a66a1e8700 Thread added: 0x000001a66a1e9120
Event: 3.875 Thread 0x000001a66a1e9120 Thread added: 0x000001a66a1e8c10
Event: 3.904 Thread 0x000001a66b005040 Thread exited: 0x000001a66b005040
Event: 3.980 Thread 0x000001a648e42ae0 Thread added: 0x000001a66add68e0
Event: 4.089 Thread 0x000001a66a1e5e80 Thread added: 0x000001a66add5ec0
Event: 4.090 Thread 0x000001a66a1e5e80 Thread added: 0x000001a66add63d0
Event: 5.166 Thread 0x000001a648e42ae0 Thread added: 0x000001a66add59b0
Event: 5.168 Thread 0x000001a648e42ae0 Thread added: 0x000001a66add4060
Event: 5.176 Thread 0x000001a66add59b0 Thread added: 0x000001a66add4570
Event: 5.176 Thread 0x000001a66add59b0 Thread added: 0x000001a66add54a0
Event: 5.395 Thread 0x000001a665f63bc0 Thread added: 0x000001a66a4f2d20
Event: 6.814 Thread 0x000001a66a4f2d20 Thread exited: 0x000001a66a4f2d20
Event: 8.880 Thread 0x000001a66a1e8c10 Thread exited: 0x000001a66a1e8c10
Event: 11.821 Thread 0x000001a665f63bc0 Thread added: 0x000001a66a7a8900


Dynamic libraries:
0x00007ff6ed930000 - 0x00007ff6ed93e000 	C:\Program Files\Eclipse Adoptium\jdk-17.0.14.7-hotspot\bin\javaw.exe
0x00007ffee2ba0000 - 0x00007ffee2e00000 	C:\WINDOWS\SYSTEM32\ntdll.dll
0x00007ffee10c0000 - 0x00007ffee1187000 	C:\WINDOWS\System32\KERNEL32.DLL
0x00007ffee0320000 - 0x00007ffee06ea000 	C:\WINDOWS\System32\KERNELBASE.dll
0x00007ffedffd0000 - 0x00007ffee011b000 	C:\WINDOWS\System32\ucrtbase.dll
0x00007ffed94e0000 - 0x00007ffed94f7000 	C:\Program Files\Eclipse Adoptium\jdk-17.0.14.7-hotspot\bin\jli.dll
0x00007ffed94c0000 - 0x00007ffed94de000 	C:\Program Files\Eclipse Adoptium\jdk-17.0.14.7-hotspot\bin\VCRUNTIME140.dll
0x00007ffee27b0000 - 0x00007ffee297c000 	C:\WINDOWS\System32\USER32.dll
0x00007ffedfd80000 - 0x00007ffedfda7000 	C:\WINDOWS\System32\win32u.dll
0x00007ffec9480000 - 0x00007ffec9717000 	C:\WINDOWS\WinSxS\amd64_microsoft.windows.common-controls_6595b64144ccf1df_6.0.26100.3624_none_3e086962e3345f24\COMCTL32.dll
0x00007ffee0ee0000 - 0x00007ffee0f0a000 	C:\WINDOWS\System32\GDI32.dll
0x00007ffee1d80000 - 0x00007ffee1e29000 	C:\WINDOWS\System32\msvcrt.dll
0x00007ffee0120000 - 0x00007ffee0251000 	C:\WINDOWS\System32\gdi32full.dll
0x00007ffee06f0000 - 0x00007ffee0793000 	C:\WINDOWS\System32\msvcp_win.dll
0x00007ffee1ad0000 - 0x00007ffee1aff000 	C:\WINDOWS\System32\IMM32.DLL
0x00007ffed94b0000 - 0x00007ffed94bc000 	C:\Program Files\Eclipse Adoptium\jdk-17.0.14.7-hotspot\bin\vcruntime140_1.dll
0x00007ffed93f0000 - 0x00007ffed947d000 	C:\Program Files\Eclipse Adoptium\jdk-17.0.14.7-hotspot\bin\msvcp140.dll
0x00007ffe5c590000 - 0x00007ffe5d1fb000 	C:\Program Files\Eclipse Adoptium\jdk-17.0.14.7-hotspot\bin\server\jvm.dll
0x00007ffee0f10000 - 0x00007ffee0fc2000 	C:\WINDOWS\System32\ADVAPI32.dll
0x00007ffee09a0000 - 0x00007ffee0a46000 	C:\WINDOWS\System32\sechost.dll
0x00007ffee1e60000 - 0x00007ffee1f76000 	C:\WINDOWS\System32\RPCRT4.dll
0x00007ffee1940000 - 0x00007ffee19b4000 	C:\WINDOWS\System32\WS2_32.dll
0x00007ffedfbd0000 - 0x00007ffedfc2e000 	C:\WINDOWS\SYSTEM32\POWRPROF.dll
0x00007ffed84c0000 - 0x00007ffed84f6000 	C:\WINDOWS\SYSTEM32\WINMM.dll
0x00007ffed8cf0000 - 0x00007ffed8cfb000 	C:\WINDOWS\SYSTEM32\VERSION.dll
0x00007ffedfbb0000 - 0x00007ffedfbc4000 	C:\WINDOWS\SYSTEM32\UMPDC.dll
0x00007ffedeb90000 - 0x00007ffedebaa000 	C:\WINDOWS\SYSTEM32\kernel.appcore.dll
0x00007ffed94a0000 - 0x00007ffed94aa000 	C:\Program Files\Eclipse Adoptium\jdk-17.0.14.7-hotspot\bin\jimage.dll
0x00007ffed4760000 - 0x00007ffed49a1000 	C:\WINDOWS\SYSTEM32\DBGHELP.DLL
0x00007ffee2420000 - 0x00007ffee27a2000 	C:\WINDOWS\System32\combase.dll
0x00007ffee0ad0000 - 0x00007ffee0ba6000 	C:\WINDOWS\System32\OLEAUT32.dll
0x00007ffec8410000 - 0x00007ffec8449000 	C:\WINDOWS\SYSTEM32\dbgcore.DLL
0x00007ffedfdb0000 - 0x00007ffedfe49000 	C:\WINDOWS\System32\bcryptPrimitives.dll
0x00007ffed93c0000 - 0x00007ffed93e5000 	C:\Program Files\Eclipse Adoptium\jdk-17.0.14.7-hotspot\bin\java.dll
0x00007ffe994e0000 - 0x00007ffe995b7000 	C:\Program Files\Eclipse Adoptium\jdk-17.0.14.7-hotspot\bin\jsvml.dll
0x00007ffee1190000 - 0x00007ffee18b9000 	C:\WINDOWS\System32\SHELL32.dll
0x00007ffee0830000 - 0x00007ffee0998000 	C:\WINDOWS\System32\wintypes.dll
0x00007ffedda10000 - 0x00007ffede262000 	C:\WINDOWS\SYSTEM32\windows.storage.dll
0x00007ffee1b10000 - 0x00007ffee1bfd000 	C:\WINDOWS\System32\SHCORE.dll
0x00007ffee1050000 - 0x00007ffee10b4000 	C:\WINDOWS\System32\shlwapi.dll
0x00007ffedfc90000 - 0x00007ffedfcbf000 	C:\WINDOWS\SYSTEM32\profapi.dll
0x00007ffed92a0000 - 0x00007ffed92b9000 	C:\Program Files\Eclipse Adoptium\jdk-17.0.14.7-hotspot\bin\net.dll
0x00007ffed61a0000 - 0x00007ffed62bd000 	C:\WINDOWS\SYSTEM32\WINHTTP.dll
0x00007ffedf0b0000 - 0x00007ffedf11a000 	C:\WINDOWS\system32\mswsock.dll
0x00007ffed9280000 - 0x00007ffed9296000 	C:\Program Files\Eclipse Adoptium\jdk-17.0.14.7-hotspot\bin\nio.dll
0x00007ffed9260000 - 0x00007ffed9278000 	C:\Program Files\Eclipse Adoptium\jdk-17.0.14.7-hotspot\bin\zip.dll
0x00007ffed6170000 - 0x00007ffed6180000 	C:\Program Files\Eclipse Adoptium\jdk-17.0.14.7-hotspot\bin\verify.dll
0x00007ffede670000 - 0x00007ffede795000 	C:\WINDOWS\SYSTEM32\DNSAPI.dll
0x00007ffede630000 - 0x00007ffede663000 	C:\WINDOWS\SYSTEM32\IPHLPAPI.DLL
0x00007ffee2410000 - 0x00007ffee241a000 	C:\WINDOWS\System32\NSI.dll
0x00007ffed9730000 - 0x00007ffed973b000 	C:\Windows\System32\rasadhlp.dll
0x00007ffed3870000 - 0x00007ffed38f5000 	C:\WINDOWS\System32\fwpuclnt.dll
0x00007ffed60b0000 - 0x00007ffed60b9000 	C:\Program Files\Eclipse Adoptium\jdk-17.0.14.7-hotspot\bin\extnet.dll
0x00007ffedf350000 - 0x00007ffedf36c000 	C:\WINDOWS\SYSTEM32\CRYPTSP.dll
0x00007ffedeaf0000 - 0x00007ffedeb2a000 	C:\WINDOWS\system32\rsaenh.dll
0x00007ffedf150000 - 0x00007ffedf17b000 	C:\WINDOWS\SYSTEM32\USERENV.dll
0x00007ffedfc60000 - 0x00007ffedfc86000 	C:\WINDOWS\SYSTEM32\bcrypt.dll
0x00007ffedf370000 - 0x00007ffedf37c000 	C:\WINDOWS\SYSTEM32\CRYPTBASE.dll
0x00007ffed6050000 - 0x00007ffed606f000 	C:\WINDOWS\SYSTEM32\dhcpcsvc6.DLL
0x00007ffed5bb0000 - 0x00007ffed5bd5000 	C:\WINDOWS\SYSTEM32\dhcpcsvc.DLL
0x00007ffed60a0000 - 0x00007ffed60ae000 	C:\Program Files\Eclipse Adoptium\jdk-17.0.14.7-hotspot\bin\sunmscapi.dll
0x00007ffedfe50000 - 0x00007ffedffc7000 	C:\WINDOWS\System32\CRYPT32.dll
0x00007ffedf550000 - 0x00007ffedf580000 	C:\WINDOWS\SYSTEM32\ncrypt.dll
0x00007ffedf500000 - 0x00007ffedf53f000 	C:\WINDOWS\SYSTEM32\NTASN1.dll
0x00007ffebef20000 - 0x00007ffebef28000 	C:\WINDOWS\system32\wshunix.dll

dbghelp: loaded successfully - version: 4.0.5 - missing functions: none
symbol engine: initialized successfully - sym options: 0x614 - pdb path: .;C:\Program Files\Eclipse Adoptium\jdk-17.0.14.7-hotspot\bin;C:\WINDOWS\SYSTEM32;C:\WINDOWS\WinSxS\amd64_microsoft.windows.common-controls_6595b64144ccf1df_6.0.26100.3624_none_3e086962e3345f24;C:\Program Files\Eclipse Adoptium\jdk-17.0.14.7-hotspot\bin\server

VM Arguments:
jvm_args: -ea -Dfile.encoding=UTF-8 -Dstdout.encoding=UTF-8 -Dstderr.encoding=UTF-8 -XX:+ShowCodeDetailsInExceptionMessages 
java_command: org.testng.remote.RemoteTestNG -serport 62770 -protocol json -d E:\Selenium_Workspace\SeleniumCRMUIFramework\test-output C:\Users\hp\AppData\Local\Temp\testng-eclipse--1405231168\testng-customsuite.xml
java_class_path (initial): C:\Users\hp\eclipse\java-2024-063\eclipse\configuration\org.eclipse.osgi\525\0\.cp\lib\testng-remote.jar;E:\Selenium_Workspace\SeleniumCRMUIFramework\target\test-classes;E:\Selenium_Workspace\SeleniumCRMUIFramework\target\classes;C:\Users\hp\.m2\repository\org\seleniumhq\selenium\selenium-java\4.25.0\selenium-java-4.25.0.jar;C:\Users\hp\.m2\repository\org\seleniumhq\selenium\selenium-api\4.25.0\selenium-api-4.25.0.jar;C:\Users\hp\.m2\repository\org\jspecify\jspecify\1.0.0\jspecify-1.0.0.jar;C:\Users\hp\.m2\repository\org\seleniumhq\selenium\selenium-chrome-driver\4.25.0\selenium-chrome-driver-4.25.0.jar;C:\Users\hp\.m2\repository\com\google\auto\service\auto-service-annotations\1.1.1\auto-service-annotations-1.1.1.jar;C:\Users\hp\.m2\repository\org\seleniumhq\selenium\selenium-chromium-driver\4.25.0\selenium-chromium-driver-4.25.0.jar;C:\Users\hp\.m2\repository\org\seleniumhq\selenium\selenium-json\4.25.0\selenium-json-4.25.0.jar;C:\Users\hp\.m2\repository\org\seleniumhq\selenium\selenium-manager\4.25.0\selenium-manager-4.25.0.jar;C:\Users\hp\.m2\repository\org\seleniumhq\selenium\selenium-devtools-v127\4.25.0\selenium-devtools-v127-4.25.0.jar;C:\Users\hp\.m2\repository\org\seleniumhq\selenium\selenium-devtools-v128\4.25.0\selenium-devtools-v128-4.25.0.jar;C:\Users\hp\.m2\repository\org\seleniumhq\selenium\selenium-devtools-v129\4.25.0\selenium-devtools-v129-4.25.0.jar;C:\Users\hp\.m2\repository\org\seleniumhq\selenium\selenium-devtools-v85\4.25.0\selenium-devtools-v85-4.25.0.jar;C:\Users\hp\.m2\repository\org\seleniumhq\selenium\selenium-edge-driver\4.25.0\selenium-edge-driver-4.25.0.jar;C:\Users\hp\.m2\repository\org\seleniumhq\selenium\selenium-firefox-driver\4.25.0\selenium-firefox-driver-4.25.0.jar;C:\Users\hp\.m2\repository\org\seleniumhq\selenium\selenium-http\4.25.0\selenium-http-4.25.0.jar;C:\Users\hp\.m2\repository\dev\failsafe\failsafe\3.3.2\failsafe-3.3.2.jar;C:\Users\hp\.m2\repository\org\seleniumhq\selenium\selenium-ie-driv
Launcher Type: SUN_STANDARD

[Global flags]
     intx CICompilerCount                          = 4                                         {product} {ergonomic}
     uint ConcGCThreads                            = 2                                         {product} {ergonomic}
     uint G1ConcRefinementThreads                  = 8                                         {product} {ergonomic}
   size_t G1HeapRegionSize                         = 1048576                                   {product} {ergonomic}
    uintx GCDrainStackTargetSize                   = 64                                        {product} {ergonomic}
   size_t InitialHeapSize                          = 100663296                                 {product} {ergonomic}
   size_t MarkStackSize                            = 4194304                                   {product} {ergonomic}
   size_t MaxHeapSize                              = 1595932672                                {product} {ergonomic}
   size_t MaxNewSize                               = 957349888                                 {product} {ergonomic}
   size_t MinHeapDeltaBytes                        = 1048576                                   {product} {ergonomic}
   size_t MinHeapSize                              = 8388608                                   {product} {ergonomic}
    uintx NonNMethodCodeHeapSize                   = 5839372                                {pd product} {ergonomic}
    uintx NonProfiledCodeHeapSize                  = 122909434                              {pd product} {ergonomic}
    uintx ProfiledCodeHeapSize                     = 122909434                              {pd product} {ergonomic}
    uintx ReservedCodeCacheSize                    = 251658240                              {pd product} {ergonomic}
     bool SegmentedCodeCache                       = true                                      {product} {ergonomic}
     bool ShowCodeDetailsInExceptionMessages       = true                                   {manageable} {command line}
   size_t SoftMaxHeapSize                          = 1595932672                             {manageable} {ergonomic}
     bool UseCompressedClassPointers               = true                           {product lp64_product} {ergonomic}
     bool UseCompressedOops                        = true                           {product lp64_product} {ergonomic}
     bool UseG1GC                                  = true                                      {product} {ergonomic}
     bool UseLargePagesIndividualAllocation        = false                                  {pd product} {ergonomic}

Logging:
Log output configuration:
 #0: stdout all=warning uptime,level,tags
 #1: stderr all=off uptime,level,tags

Environment Variables:
JAVA_HOME=C:\Program Files\Eclipse Adoptium\jdk-17.0.14.7-hotspot
CLASSPATH=C:\Program Files\Java\jdk1.8.0_181\lib;
PATH=C:/Users/hp/.p2/pool/plugins/org.eclipse.justj.openjdk.hotspot.jre.full.win32.x86_64_22.0.1.v20240426-1149/jre/bin/server;C:/Users/hp/.p2/pool/plugins/org.eclipse.justj.openjdk.hotspot.jre.full.win32.x86_64_22.0.1.v20240426-1149/jre/bin;C:\Windows\System32\jenv\JEnv-for-Windows;C:\Program Files\Eclipse Adoptium\jdk-17.0.14.7-hotspot\bin;C:\Program Files (x86)\VMware\VMware Workstation\bin\;C:\oracle\product\10.2.0\db_2\bin;C:\oracle\product\10.2.0\db_1\bin;C:\Program Files\Java\jdk1.8.0_181\bin;C:\Program Files\Git\cmd;C:\Program Files\MySQL\MySQL Server 8.0\bin;C:\ProgramData\chocolatey\bin;C:\WINDOWS\system32;C:\WINDOWS;C:\WINDOWS\System32\Wbem;C:\WINDOWS\System32\WindowsPowerShell\v1.0\;C:\WINDOWS\System32\OpenSSH\;C:\Program Files\nodejs\;C:\Automation Maven\apache-maven-3.9.9-bin\apache-maven-3.9.9\bin;C:\Users\hp\AppData\Local\Programs\Eclipse Adoptium\jdk-21.0.6.7-hotspot\bin;C:\Users\hp\AppData\Local\Microsoft\WindowsApps;C:\Users\hp\AppData\Local\Programs\Microsoft VS Code\bin;C:\Users\hp\AppData\Roaming\npm;;C:\Users\hp\OneDrive\Desktop;
USERNAME=hp
OS=Windows_NT
PROCESSOR_IDENTIFIER=AMD64 Family 23 Model 24 Stepping 1, AuthenticAMD
TMP=C:\Users\hp\AppData\Local\Temp
TEMP=C:\Users\hp\AppData\Local\Temp



Periodic native trim disabled


---------------  S Y S T E M  ---------------

OS:
 Windows 11 , 64 bit Build 26100 (10.0.26100.3775)
OS uptime: 0 days 20:51 hours
Hyper-V role detected

CPU: total 8 (initial active 8) (8 cores per cpu, 2 threads per core) family 23 model 24 stepping 1 microcode 0x8108109, cx8, cmov, fxsr, ht, mmx, 3dnowpref, sse, sse2, sse3, ssse3, sse4a, sse4.1, sse4.2, popcnt, lzcnt, tsc, tscinvbit, avx, avx2, aes, clmul, bmi1, bmi2, adx, sha, fma, vzeroupper, clflush, clflushopt, hv
Processor Information for all 8 processors :
  Max Mhz: 2100, Current Mhz: 2100, Mhz Limit: 2100

Memory: 4k page, system-wide physical 6086M (1139M free)
TotalPageFile size 9514M (AvailPageFile size 20M)
current process WorkingSet (physical memory assigned to process): 123M, peak: 138M
current process commit charge ("private bytes"): 179M, peak: 232M

vm_info: OpenJDK 64-Bit Server VM (17.0.14+7) for windows-amd64 JRE (17.0.14+7), built on Jan 21 2025 23:40:15 by "admin" with MS VC++ 17.7 (VS2022)

END.
